<?xml version="1.0" encoding="UTF-8"?>
<!-- Generated by org.testng.reporters.JUnitXMLReporter -->
<testsuite ignored="0" hostname="LTIN461937" failures="0" tests="8" name="CTest" time="0.112" errors="0" timestamp="2024-05-03T14:56:00 IST">
  <testcase classname="TestNg.BookShelvesTest" name="@BeforeClass setup" time="0.019">
    <failure type="java.lang.Error" message="Unresolved compilation problem: 
	Cannot switch on a value of type String for source level below 1.7. Only convertible int values or enum variables are permitted
">
      <![CDATA[java.lang.Error: Unresolved compilation problem: 
Cannot switch on a value of type String for source level below 1.7. Only convertible int values or enum variables are permitted

at factory.BaseClass.initilizeBrowswer(BaseClass.java:24)
at TestNg.BookShelvesTest.setup(BookShelvesTest.java:24)
at java.base/java.util.ArrayList.forEach(ArrayList.java:1511)
... Removed 25 stack frames]]>
    </failure>
  </testcase> <!-- @BeforeClass setup -->
  <testcase classname="TestNg.BookShelvesTest" name="@AfterClass closing" time="0.0">
    <skipped/>
  </testcase> <!-- @AfterClass closing -->
  <testcase classname="TestNg.BookShelvesTest" name="homePageValidation" time="0.0">
    <skipped/>
  </testcase> <!-- homePageValidation -->
  <testcase classname="TestNg.BookShelvesTest" name="provideDetailInTheSearchBar" time="0.0">
    <skipped/>
  </testcase> <!-- provideDetailInTheSearchBar -->
  <testcase classname="TestNg.BookShelvesTest" name="clickOnSearchBtn" time="0.0">
    <skipped/>
  </testcase> <!-- clickOnSearchBtn -->
  <testcase classname="TestNg.BookShelvesTest" name="closingLoginDetailPage" time="0.0">
    <skipped/>
  </testcase> <!-- closingLoginDetailPage -->
  <testcase classname="TestNg.BookShelvesTest" name="clickOnExludeChkBoxOption" time="0.0">
    <skipped/>
  </testcase> <!-- clickOnExludeChkBoxOption -->
  <testcase classname="TestNg.BookShelvesTest" name="selectingSort" time="0.0">
    <skipped/>
  </testcase> <!-- selectingSort -->
  <testcase classname="TestNg.BookShelvesTest" name="selectingCategory" time="0.0">
    <skipped/>
  </testcase> <!-- selectingCategory -->
  <testcase classname="TestNg.BookShelvesTest" name="displayItemsInTheConsole" time="0.0">
    <skipped/>
  </testcase> <!-- displayItemsInTheConsole -->
</testsuite> <!-- CTest -->
